[0m11:58:05.343945 [debug] [MainThread]: Sending event: {'category': 'dbt', 'action': 'invocation', 'label': 'start', 'context': [<snowplow_tracker.self_describing_json.SelfDescribingJson object at 0x000001D255CF60F0>, <snowplow_tracker.self_describing_json.SelfDescribingJson object at 0x000001D2530BE0C0>, <snowplow_tracker.self_describing_json.SelfDescribingJson object at 0x000001D255E80E00>]}


============================== 11:58:05.444667 | 65fc9b5a-18c8-44a4-9a7f-4d59c9193a68 ==============================
[0m11:58:05.444667 [info ] [MainThread]: Running with dbt=1.10.13
[0m11:58:05.449271 [debug] [MainThread]: running dbt with arguments {'log_format': 'default', 'profiles_dir': 'C:\\Users\\rezam\\.dbt', 'write_json': 'True', 'invocation_command': 'dbt init', 'printer_width': '80', 'warn_error': 'None', 'log_path': 'logs', 'fail_fast': 'False', 'indirect_selection': 'eager', 'send_anonymous_usage_stats': 'True', 'partial_parse': 'True', 'warn_error_options': 'WarnErrorOptionsV2(error=[], warn=[], silence=[])', 'static_parser': 'True', 'use_experimental_parser': 'False', 'version_check': 'True', 'introspect': 'True', 'quiet': 'False', 'empty': 'None', 'log_cache_events': 'False', 'debug': 'False', 'no_print': 'None', 'use_colors': 'True', 'cache_selected_only': 'False', 'target_path': 'None'}
[0m11:58:22.807897 [debug] [MainThread]: Starter project path: D:\My_Projects\dbt_project_OLIST\.venv\Lib\site-packages\dbt\include\starter_project
[0m11:58:22.852805 [info ] [MainThread]: 
Your new dbt project "olist" was created!

For more information on how to configure the profiles.yml file,
please consult the dbt documentation here:

  https://docs.getdbt.com/docs/configure-your-profile

One more thing:

Need help? Don't hesitate to reach out to us via GitHub issues or on Slack:

  https://community.getdbt.com/

Happy modeling!

[0m11:58:22.854043 [info ] [MainThread]: Setting up your profile.
[0m12:12:04.063286 [info ] [MainThread]: Profile olist written to C:\Users\rezam\.dbt\profiles.yml using target's profile_template.yml and your supplied values. Run 'dbt debug' to validate the connection.
[0m12:12:04.063286 [debug] [MainThread]: Command `dbt init` succeeded at 12:12:04.063286 after 838.95 seconds
[0m12:12:04.075315 [debug] [MainThread]: Sending event: {'category': 'dbt', 'action': 'invocation', 'label': 'end', 'context': [<snowplow_tracker.self_describing_json.SelfDescribingJson object at 0x000001D257602BD0>, <snowplow_tracker.self_describing_json.SelfDescribingJson object at 0x000001D2576B6E10>, <snowplow_tracker.self_describing_json.SelfDescribingJson object at 0x000001D27C788D40>]}
[0m12:12:04.076333 [debug] [MainThread]: Flushing usage events
[0m12:12:04.966887 [debug] [MainThread]: An error was encountered while trying to flush usage events
[0m12:13:44.881000 [debug] [MainThread]: Sending event: {'category': 'dbt', 'action': 'invocation', 'label': 'start', 'context': [<snowplow_tracker.self_describing_json.SelfDescribingJson object at 0x0000014F603C8A70>, <snowplow_tracker.self_describing_json.SelfDescribingJson object at 0x0000014F60D2D8B0>, <snowplow_tracker.self_describing_json.SelfDescribingJson object at 0x0000014F6300ED50>]}


============================== 12:13:44.886017 | c04640dc-456a-42d0-8e3d-ecf58f387a33 ==============================
[0m12:13:44.886017 [info ] [MainThread]: Running with dbt=1.10.13
[0m12:13:44.887017 [debug] [MainThread]: running dbt with arguments {'cache_selected_only': 'False', 'profiles_dir': 'C:\\Users\\rezam\\.dbt', 'no_print': 'None', 'invocation_command': 'dbt init', 'write_json': 'True', 'warn_error': 'None', 'indirect_selection': 'eager', 'partial_parse': 'True', 'fail_fast': 'False', 'send_anonymous_usage_stats': 'True', 'log_path': 'logs', 'warn_error_options': 'WarnErrorOptionsV2(error=[], warn=[], silence=[])', 'static_parser': 'True', 'use_experimental_parser': 'False', 'version_check': 'True', 'quiet': 'False', 'introspect': 'True', 'empty': 'None', 'log_cache_events': 'False', 'debug': 'False', 'log_format': 'default', 'use_colors': 'True', 'printer_width': '80', 'target_path': 'None'}
[0m12:13:52.018129 [debug] [MainThread]: Starter project path: D:\My_Projects\dbt_project_OLIST\.venv\Lib\site-packages\dbt\include\starter_project
[0m12:13:52.036326 [info ] [MainThread]: 
Your new dbt project "olist" was created!

For more information on how to configure the profiles.yml file,
please consult the dbt documentation here:

  https://docs.getdbt.com/docs/configure-your-profile

One more thing:

Need help? Don't hesitate to reach out to us via GitHub issues or on Slack:

  https://community.getdbt.com/

Happy modeling!

[0m12:13:52.041702 [info ] [MainThread]: Setting up your profile.
[0m12:17:27.197237 [info ] [MainThread]: Profile olist written to C:\Users\rezam\.dbt\profiles.yml using target's profile_template.yml and your supplied values. Run 'dbt debug' to validate the connection.
[0m12:17:27.197237 [debug] [MainThread]: Command `dbt init` succeeded at 12:17:27.197237 after 222.49 seconds
[0m12:17:27.211078 [debug] [MainThread]: Sending event: {'category': 'dbt', 'action': 'invocation', 'label': 'end', 'context': [<snowplow_tracker.self_describing_json.SelfDescribingJson object at 0x0000014F6311D520>, <snowplow_tracker.self_describing_json.SelfDescribingJson object at 0x0000014F081B8680>, <snowplow_tracker.self_describing_json.SelfDescribingJson object at 0x0000014F0831BF80>]}
[0m12:17:27.211078 [debug] [MainThread]: Flushing usage events
[0m12:17:28.030208 [debug] [MainThread]: An error was encountered while trying to flush usage events
[0m12:20:29.458580 [debug] [MainThread]: Sending event: {'category': 'dbt', 'action': 'invocation', 'label': 'start', 'context': [<snowplow_tracker.self_describing_json.SelfDescribingJson object at 0x00000262AB39CE90>, <snowplow_tracker.self_describing_json.SelfDescribingJson object at 0x00000262AB6858E0>, <snowplow_tracker.self_describing_json.SelfDescribingJson object at 0x00000262AB1D17F0>]}


============================== 12:20:29.460252 | 9fa8b271-ce6d-4e42-8313-6593256b2a2a ==============================
[0m12:20:29.460252 [info ] [MainThread]: Running with dbt=1.10.13
[0m12:20:29.460252 [debug] [MainThread]: running dbt with arguments {'profiles_dir': 'C:\\Users\\rezam\\.dbt', 'invocation_command': 'dbt init', 'log_format': 'default', 'write_json': 'True', 'printer_width': '80', 'warn_error': 'None', 'static_parser': 'True', 'partial_parse': 'True', 'fail_fast': 'False', 'send_anonymous_usage_stats': 'True', 'indirect_selection': 'eager', 'warn_error_options': 'WarnErrorOptionsV2(error=[], warn=[], silence=[])', 'log_path': 'logs', 'version_check': 'True', 'use_experimental_parser': 'False', 'introspect': 'True', 'quiet': 'False', 'empty': 'None', 'log_cache_events': 'False', 'debug': 'False', 'no_print': 'None', 'use_colors': 'True', 'cache_selected_only': 'False', 'target_path': 'None'}
[0m12:20:32.793104 [info ] [MainThread]: A project called olist already exists here.
[0m12:20:32.793104 [debug] [MainThread]: Command `dbt init` succeeded at 12:20:32.793104 after 3.50 seconds
[0m12:20:32.793104 [debug] [MainThread]: Sending event: {'category': 'dbt', 'action': 'invocation', 'label': 'end', 'context': [<snowplow_tracker.self_describing_json.SelfDescribingJson object at 0x00000262AB1D17F0>, <snowplow_tracker.self_describing_json.SelfDescribingJson object at 0x00000262AB615EE0>, <snowplow_tracker.self_describing_json.SelfDescribingJson object at 0x00000262A920E7E0>]}
[0m12:20:32.793104 [debug] [MainThread]: Flushing usage events
[0m12:20:33.661776 [debug] [MainThread]: An error was encountered while trying to flush usage events
[0m12:20:47.666741 [debug] [MainThread]: Sending event: {'category': 'dbt', 'action': 'invocation', 'label': 'start', 'context': [<snowplow_tracker.self_describing_json.SelfDescribingJson object at 0x000001E398648B30>, <snowplow_tracker.self_describing_json.SelfDescribingJson object at 0x000001E39AB23650>, <snowplow_tracker.self_describing_json.SelfDescribingJson object at 0x000001E39AB233E0>]}


============================== 12:20:47.680428 | daea3e51-e3b3-4f3d-b944-2c1f8d20274d ==============================
[0m12:20:47.680428 [info ] [MainThread]: Running with dbt=1.10.13
[0m12:20:47.680428 [debug] [MainThread]: running dbt with arguments {'target_path': 'None', 'invocation_command': 'dbt init', 'profiles_dir': 'C:\\Users\\rezam\\.dbt', 'cache_selected_only': 'False', 'no_print': 'None', 'warn_error': 'None', 'indirect_selection': 'eager', 'partial_parse': 'True', 'log_path': 'logs', 'send_anonymous_usage_stats': 'True', 'fail_fast': 'False', 'warn_error_options': 'WarnErrorOptionsV2(error=[], warn=[], silence=[])', 'static_parser': 'True', 'use_experimental_parser': 'False', 'version_check': 'True', 'introspect': 'True', 'quiet': 'False', 'empty': 'None', 'log_cache_events': 'False', 'debug': 'False', 'log_format': 'default', 'use_colors': 'True', 'printer_width': '80', 'write_json': 'True'}
[0m12:20:52.942648 [info ] [MainThread]: A project called olist already exists here.
[0m12:20:52.942648 [debug] [MainThread]: Command `dbt init` succeeded at 12:20:52.942648 after 5.37 seconds
[0m12:20:52.942648 [debug] [MainThread]: Sending event: {'category': 'dbt', 'action': 'invocation', 'label': 'end', 'context': [<snowplow_tracker.self_describing_json.SelfDescribingJson object at 0x000001E39B84D580>, <snowplow_tracker.self_describing_json.SelfDescribingJson object at 0x000001E39ADE8FE0>, <snowplow_tracker.self_describing_json.SelfDescribingJson object at 0x000001E398535640>]}
[0m12:20:52.942648 [debug] [MainThread]: Flushing usage events
[0m12:20:53.763153 [debug] [MainThread]: An error was encountered while trying to flush usage events
[0m12:21:20.555530 [debug] [MainThread]: Sending event: {'category': 'dbt', 'action': 'invocation', 'label': 'start', 'context': [<snowplow_tracker.self_describing_json.SelfDescribingJson object at 0x000001D5B3B69520>, <snowplow_tracker.self_describing_json.SelfDescribingJson object at 0x000001D5B38B0D40>, <snowplow_tracker.self_describing_json.SelfDescribingJson object at 0x000001D5B38B1640>]}


============================== 12:21:20.557435 | 606cb669-60a4-4f31-8218-9f9104325439 ==============================
[0m12:21:20.557435 [info ] [MainThread]: Running with dbt=1.10.13
[0m12:21:20.557435 [debug] [MainThread]: running dbt with arguments {'log_format': 'default', 'invocation_command': 'dbt init', 'no_print': 'None', 'target_path': 'None', 'cache_selected_only': 'False', 'warn_error': 'None', 'log_path': 'logs', 'fail_fast': 'False', 'indirect_selection': 'eager', 'send_anonymous_usage_stats': 'True', 'partial_parse': 'True', 'warn_error_options': 'WarnErrorOptionsV2(error=[], warn=[], silence=[])', 'static_parser': 'True', 'version_check': 'True', 'use_experimental_parser': 'False', 'introspect': 'True', 'quiet': 'False', 'empty': 'None', 'log_cache_events': 'False', 'debug': 'False', 'profiles_dir': 'C:\\Users\\rezam\\.dbt', 'use_colors': 'True', 'printer_width': '80', 'write_json': 'True'}
[0m12:21:22.974935 [debug] [MainThread]: Starter project path: D:\My_Projects\dbt_project_OLIST\.venv\Lib\site-packages\dbt\include\starter_project
[0m12:21:22.993112 [info ] [MainThread]: 
Your new dbt project "olist" was created!

For more information on how to configure the profiles.yml file,
please consult the dbt documentation here:

  https://docs.getdbt.com/docs/configure-your-profile

One more thing:

Need help? Don't hesitate to reach out to us via GitHub issues or on Slack:

  https://community.getdbt.com/

Happy modeling!

[0m12:21:22.994122 [info ] [MainThread]: Setting up your profile.
[0m12:23:28.922511 [info ] [MainThread]: Profile olist written to C:\Users\rezam\.dbt\profiles.yml using target's profile_template.yml and your supplied values. Run 'dbt debug' to validate the connection.
[0m12:23:28.934609 [debug] [MainThread]: Command `dbt init` succeeded at 12:23:28.934609 after 128.47 seconds
[0m12:23:28.935441 [debug] [MainThread]: Sending event: {'category': 'dbt', 'action': 'invocation', 'label': 'end', 'context': [<snowplow_tracker.self_describing_json.SelfDescribingJson object at 0x000001D5B40AC290>, <snowplow_tracker.self_describing_json.SelfDescribingJson object at 0x000001D5D8B19A00>, <snowplow_tracker.self_describing_json.SelfDescribingJson object at 0x000001D5D8EF9040>]}
[0m12:23:28.935441 [debug] [MainThread]: Flushing usage events
[0m12:23:29.888074 [debug] [MainThread]: An error was encountered while trying to flush usage events
[0m12:23:38.067081 [debug] [MainThread]: Sending event: {'category': 'dbt', 'action': 'invocation', 'label': 'start', 'context': [<snowplow_tracker.self_describing_json.SelfDescribingJson object at 0x00000143C036E480>, <snowplow_tracker.self_describing_json.SelfDescribingJson object at 0x00000143C23EDC70>, <snowplow_tracker.self_describing_json.SelfDescribingJson object at 0x00000143C23EF470>]}


============================== 12:23:38.073371 | 908064c1-19a9-4610-a923-82d3840f1a69 ==============================
[0m12:23:38.073371 [info ] [MainThread]: Running with dbt=1.10.13
[0m12:23:38.073799 [debug] [MainThread]: running dbt with arguments {'log_format': 'default', 'no_print': 'None', 'target_path': 'None', 'invocation_command': 'dbt debug', 'cache_selected_only': 'False', 'warn_error': 'None', 'indirect_selection': 'eager', 'fail_fast': 'False', 'log_path': 'logs', 'send_anonymous_usage_stats': 'True', 'partial_parse': 'True', 'warn_error_options': 'WarnErrorOptionsV2(error=[], warn=[], silence=[])', 'static_parser': 'True', 'use_experimental_parser': 'False', 'version_check': 'True', 'introspect': 'True', 'quiet': 'False', 'empty': 'None', 'log_cache_events': 'False', 'debug': 'False', 'profiles_dir': 'C:\\Users\\rezam\\.dbt', 'use_colors': 'True', 'printer_width': '80', 'write_json': 'True'}
[0m12:23:38.108000 [info ] [MainThread]: dbt version: 1.10.13
[0m12:23:38.119708 [info ] [MainThread]: python version: 3.12.10
[0m12:23:38.119708 [info ] [MainThread]: python path: D:\My_Projects\dbt_project_OLIST\.venv\Scripts\python.exe
[0m12:23:38.119708 [info ] [MainThread]: os info: Windows-11-10.0.26100-SP0
[0m12:23:38.124365 [info ] [MainThread]: Error importing adapter: No module named 'dbt.adapters.databricks'
[0m12:23:38.125560 [info ] [MainThread]: Error importing adapter: No module named 'dbt.adapters.databricks'
[0m12:23:38.126996 [info ] [MainThread]: Error importing adapter: No module named 'dbt.adapters.databricks'
[0m12:23:40.434556 [info ] [MainThread]: Using profiles dir at C:\Users\rezam\.dbt
[0m12:23:40.435268 [info ] [MainThread]: Using profiles.yml file at C:\Users\rezam\.dbt\profiles.yml
[0m12:23:40.435268 [info ] [MainThread]: Using dbt_project.yml file at D:\My_Projects\dbt_project_OLIST\dbt_project.yml
[0m12:23:40.436177 [info ] [MainThread]: Configuration:
[0m12:23:40.436559 [info ] [MainThread]:   profiles.yml file [[31mERROR invalid[0m]
[0m12:23:40.436559 [info ] [MainThread]:   dbt_project.yml file [[31mERROR not found[0m]
[0m12:23:40.436559 [info ] [MainThread]: Required dependencies:
[0m12:23:40.436559 [debug] [MainThread]: Executing "git --help"
[0m12:23:40.470596 [debug] [MainThread]: STDOUT: "b"usage: git [-v | --version] [-h | --help] [-C <path>] [-c <name>=<value>]\n           [--exec-path[=<path>]] [--html-path] [--man-path] [--info-path]\n           [-p | --paginate | -P | --no-pager] [--no-replace-objects] [--no-lazy-fetch]\n           [--no-optional-locks] [--no-advice] [--bare] [--git-dir=<path>]\n           [--work-tree=<path>] [--namespace=<name>] [--config-env=<name>=<envvar>]\n           <command> [<args>]\n\nThese are common Git commands used in various situations:\n\nstart a working area (see also: git help tutorial)\n   clone      Clone a repository into a new directory\n   init       Create an empty Git repository or reinitialize an existing one\n\nwork on the current change (see also: git help everyday)\n   add        Add file contents to the index\n   mv         Move or rename a file, a directory, or a symlink\n   restore    Restore working tree files\n   rm         Remove files from the working tree and from the index\n\nexamine the history and state (see also: git help revisions)\n   bisect     Use binary search to find the commit that introduced a bug\n   diff       Show changes between commits, commit and working tree, etc\n   grep       Print lines matching a pattern\n   log        Show commit logs\n   show       Show various types of objects\n   status     Show the working tree status\n\ngrow, mark and tweak your common history\n   backfill   Download missing objects in a partial clone\n   branch     List, create, or delete branches\n   commit     Record changes to the repository\n   merge      Join two or more development histories together\n   rebase     Reapply commits on top of another base tip\n   reset      Reset current HEAD to the specified state\n   switch     Switch branches\n   tag        Create, list, delete or verify a tag object signed with GPG\n\ncollaborate (see also: git help workflows)\n   fetch      Download objects and refs from another repository\n   pull       Fetch from and integrate with another repository or a local branch\n   push       Update remote refs along with associated objects\n\n'git help -a' and 'git help -g' list available subcommands and some\nconcept guides. See 'git help <command>' or 'git help <concept>'\nto read about a specific subcommand or concept.\nSee 'git help git' for an overview of the system.\n""
[0m12:23:40.471596 [debug] [MainThread]: STDERR: "b''"
[0m12:23:40.472596 [info ] [MainThread]:  - git [[32mOK found[0m]

[0m12:23:40.472596 [info ] [MainThread]: Connection test skipped since no profile was found
[0m12:23:40.472596 [info ] [MainThread]: [31m2 checks failed:[0m
[0m12:23:40.473595 [info ] [MainThread]: Could not load dbt_project.yml
Profile loading failed for the following reason:
Runtime Error
  Credentials in profile "dbt_project", target "dev" invalid: Runtime Error
    Could not find adapter type databricks!

Runtime Error
  Credentials in profile "dbt_test", target "dev" invalid: Runtime Error
    Could not find adapter type databricks!

Runtime Error
  Credentials in profile "dbt_test_project", target "dev" invalid: Runtime Error
    Could not find adapter type databricks!


[0m12:23:40.474280 [info ] [MainThread]: Project loading failed for the following reason:
 project path <D:\My_Projects\dbt_project_OLIST\dbt_project.yml> not found

[0m12:23:40.474280 [debug] [MainThread]: Command `dbt debug` failed at 12:23:40.474280 after 2.54 seconds
[0m12:23:40.474280 [debug] [MainThread]: Sending event: {'category': 'dbt', 'action': 'invocation', 'label': 'end', 'context': [<snowplow_tracker.self_describing_json.SelfDescribingJson object at 0x00000143C2436330>, <snowplow_tracker.self_describing_json.SelfDescribingJson object at 0x00000143E7BBB8F0>, <snowplow_tracker.self_describing_json.SelfDescribingJson object at 0x00000143E6114A40>]}
[0m12:23:40.474280 [debug] [MainThread]: Flushing usage events
[0m12:23:41.303448 [debug] [MainThread]: An error was encountered while trying to flush usage events
[0m12:43:42.885996 [debug] [MainThread]: Sending event: {'category': 'dbt', 'action': 'invocation', 'label': 'start', 'context': [<snowplow_tracker.self_describing_json.SelfDescribingJson object at 0x000002221BBB93A0>, <snowplow_tracker.self_describing_json.SelfDescribingJson object at 0x0000022219018E90>, <snowplow_tracker.self_describing_json.SelfDescribingJson object at 0x000002221B5F40E0>]}


============================== 12:43:42.885996 | fc7976e3-c35c-4c45-a778-83d438077793 ==============================
[0m12:43:42.885996 [info ] [MainThread]: Running with dbt=1.10.13
[0m12:43:42.885996 [debug] [MainThread]: running dbt with arguments {'log_format': 'default', 'printer_width': '80', 'use_colors': 'True', 'write_json': 'True', 'no_print': 'None', 'warn_error': 'None', 'indirect_selection': 'eager', 'fail_fast': 'False', 'static_parser': 'True', 'send_anonymous_usage_stats': 'True', 'log_path': 'logs', 'warn_error_options': 'WarnErrorOptionsV2(error=[], warn=[], silence=[])', 'partial_parse': 'True', 'use_experimental_parser': 'False', 'version_check': 'True', 'introspect': 'True', 'quiet': 'False', 'empty': 'None', 'log_cache_events': 'False', 'debug': 'False', 'profiles_dir': 'C:\\Users\\rezam\\.dbt', 'invocation_command': 'dbt debug', 'cache_selected_only': 'False', 'target_path': 'None'}
[0m12:43:42.907770 [info ] [MainThread]: dbt version: 1.10.13
[0m12:43:42.908779 [info ] [MainThread]: python version: 3.12.10
[0m12:43:42.908779 [info ] [MainThread]: python path: D:\My_Projects\dbt_project_OLIST\.venv\Scripts\python.exe
[0m12:43:42.908779 [info ] [MainThread]: os info: Windows-11-10.0.26100-SP0
[0m12:43:42.908779 [info ] [MainThread]: Error importing adapter: No module named 'dbt.adapters.databricks'
[0m12:43:42.908779 [info ] [MainThread]: Error importing adapter: No module named 'dbt.adapters.databricks'
[0m12:43:42.908779 [info ] [MainThread]: Error importing adapter: No module named 'dbt.adapters.databricks'
[0m12:43:45.116203 [info ] [MainThread]: Using profiles dir at C:\Users\rezam\.dbt
[0m12:43:45.116203 [info ] [MainThread]: Using profiles.yml file at C:\Users\rezam\.dbt\profiles.yml
[0m12:43:45.116203 [info ] [MainThread]: Using dbt_project.yml file at D:\My_Projects\dbt_project_OLIST\dbt_project.yml
[0m12:43:45.117863 [info ] [MainThread]: Configuration:
[0m12:43:45.117863 [info ] [MainThread]:   profiles.yml file [[31mERROR invalid[0m]
[0m12:43:45.117863 [info ] [MainThread]:   dbt_project.yml file [[31mERROR not found[0m]
[0m12:43:45.117863 [info ] [MainThread]: Required dependencies:
[0m12:43:45.117863 [debug] [MainThread]: Executing "git --help"
[0m12:43:45.142116 [debug] [MainThread]: STDOUT: "b"usage: git [-v | --version] [-h | --help] [-C <path>] [-c <name>=<value>]\n           [--exec-path[=<path>]] [--html-path] [--man-path] [--info-path]\n           [-p | --paginate | -P | --no-pager] [--no-replace-objects] [--no-lazy-fetch]\n           [--no-optional-locks] [--no-advice] [--bare] [--git-dir=<path>]\n           [--work-tree=<path>] [--namespace=<name>] [--config-env=<name>=<envvar>]\n           <command> [<args>]\n\nThese are common Git commands used in various situations:\n\nstart a working area (see also: git help tutorial)\n   clone      Clone a repository into a new directory\n   init       Create an empty Git repository or reinitialize an existing one\n\nwork on the current change (see also: git help everyday)\n   add        Add file contents to the index\n   mv         Move or rename a file, a directory, or a symlink\n   restore    Restore working tree files\n   rm         Remove files from the working tree and from the index\n\nexamine the history and state (see also: git help revisions)\n   bisect     Use binary search to find the commit that introduced a bug\n   diff       Show changes between commits, commit and working tree, etc\n   grep       Print lines matching a pattern\n   log        Show commit logs\n   show       Show various types of objects\n   status     Show the working tree status\n\ngrow, mark and tweak your common history\n   backfill   Download missing objects in a partial clone\n   branch     List, create, or delete branches\n   commit     Record changes to the repository\n   merge      Join two or more development histories together\n   rebase     Reapply commits on top of another base tip\n   reset      Reset current HEAD to the specified state\n   switch     Switch branches\n   tag        Create, list, delete or verify a tag object signed with GPG\n\ncollaborate (see also: git help workflows)\n   fetch      Download objects and refs from another repository\n   pull       Fetch from and integrate with another repository or a local branch\n   push       Update remote refs along with associated objects\n\n'git help -a' and 'git help -g' list available subcommands and some\nconcept guides. See 'git help <command>' or 'git help <concept>'\nto read about a specific subcommand or concept.\nSee 'git help git' for an overview of the system.\n""
[0m12:43:45.142116 [debug] [MainThread]: STDERR: "b''"
[0m12:43:45.142116 [info ] [MainThread]:  - git [[32mOK found[0m]

[0m12:43:45.142116 [info ] [MainThread]: Connection test skipped since no profile was found
[0m12:43:45.142116 [info ] [MainThread]: [31m2 checks failed:[0m
[0m12:43:45.142116 [info ] [MainThread]: Could not load dbt_project.yml
Profile loading failed for the following reason:
Runtime Error
  Credentials in profile "dbt_project", target "dev" invalid: Runtime Error
    Could not find adapter type databricks!

Runtime Error
  Credentials in profile "dbt_test", target "dev" invalid: Runtime Error
    Could not find adapter type databricks!

Runtime Error
  Credentials in profile "dbt_test_project", target "dev" invalid: Runtime Error
    Could not find adapter type databricks!


[0m12:43:45.142116 [info ] [MainThread]: Project loading failed for the following reason:
 project path <D:\My_Projects\dbt_project_OLIST\dbt_project.yml> not found

[0m12:43:45.142116 [debug] [MainThread]: Command `dbt debug` failed at 12:43:45.142116 after 2.50 seconds
[0m12:43:45.142116 [debug] [MainThread]: Sending event: {'category': 'dbt', 'action': 'invocation', 'label': 'end', 'context': [<snowplow_tracker.self_describing_json.SelfDescribingJson object at 0x000002221B7DB860>, <snowplow_tracker.self_describing_json.SelfDescribingJson object at 0x000002223F2F1100>, <snowplow_tracker.self_describing_json.SelfDescribingJson object at 0x0000022240EE3F80>]}
[0m12:43:45.142116 [debug] [MainThread]: Flushing usage events
[0m12:43:46.109481 [debug] [MainThread]: An error was encountered while trying to flush usage events
[0m12:48:05.853963 [debug] [MainThread]: Sending event: {'category': 'dbt', 'action': 'invocation', 'label': 'start', 'context': [<snowplow_tracker.self_describing_json.SelfDescribingJson object at 0x00000280387225D0>, <snowplow_tracker.self_describing_json.SelfDescribingJson object at 0x0000028035FADA60>, <snowplow_tracker.self_describing_json.SelfDescribingJson object at 0x00000280381175C0>]}


============================== 12:48:05.853963 | 2e6d51ad-808d-4246-aaff-89158712a64b ==============================
[0m12:48:05.853963 [info ] [MainThread]: Running with dbt=1.10.13
[0m12:48:05.853963 [debug] [MainThread]: running dbt with arguments {'profiles_dir': 'D:\\My_Projects\\dbt_project_OLIST', 'log_format': 'default', 'target_path': 'None', 'cache_selected_only': 'False', 'use_colors': 'True', 'warn_error': 'None', 'log_path': 'logs', 'fail_fast': 'False', 'indirect_selection': 'eager', 'send_anonymous_usage_stats': 'True', 'partial_parse': 'True', 'warn_error_options': 'WarnErrorOptionsV2(error=[], warn=[], silence=[])', 'static_parser': 'True', 'use_experimental_parser': 'False', 'version_check': 'True', 'quiet': 'False', 'introspect': 'True', 'empty': 'None', 'log_cache_events': 'False', 'debug': 'False', 'no_print': 'None', 'invocation_command': 'dbt debug', 'printer_width': '80', 'write_json': 'True'}
[0m12:48:05.871951 [info ] [MainThread]: dbt version: 1.10.13
[0m12:48:05.872498 [info ] [MainThread]: python version: 3.12.10
[0m12:48:05.872498 [info ] [MainThread]: python path: D:\My_Projects\dbt_project_OLIST\.venv\Scripts\python.exe
[0m12:48:05.872498 [info ] [MainThread]: os info: Windows-11-10.0.26100-SP0
[0m12:48:08.157832 [info ] [MainThread]: Using profiles dir at D:\My_Projects\dbt_project_OLIST
[0m12:48:08.158727 [info ] [MainThread]: Using profiles.yml file at D:\My_Projects\dbt_project_OLIST\profiles.yml
[0m12:48:08.158727 [info ] [MainThread]: Using dbt_project.yml file at D:\My_Projects\dbt_project_OLIST\dbt_project.yml
[0m12:48:08.158727 [info ] [MainThread]: adapter type: bigquery
[0m12:48:08.159728 [info ] [MainThread]: adapter version: 1.10.2
[0m12:48:08.160234 [info ] [MainThread]: Configuration:
[0m12:48:08.160670 [info ] [MainThread]:   profiles.yml file [[32mOK found and valid[0m]
[0m12:48:08.160670 [info ] [MainThread]:   dbt_project.yml file [[31mERROR not found[0m]
[0m12:48:08.160670 [info ] [MainThread]: Required dependencies:
[0m12:48:08.160670 [debug] [MainThread]: Executing "git --help"
[0m12:48:08.188301 [debug] [MainThread]: STDOUT: "b"usage: git [-v | --version] [-h | --help] [-C <path>] [-c <name>=<value>]\n           [--exec-path[=<path>]] [--html-path] [--man-path] [--info-path]\n           [-p | --paginate | -P | --no-pager] [--no-replace-objects] [--no-lazy-fetch]\n           [--no-optional-locks] [--no-advice] [--bare] [--git-dir=<path>]\n           [--work-tree=<path>] [--namespace=<name>] [--config-env=<name>=<envvar>]\n           <command> [<args>]\n\nThese are common Git commands used in various situations:\n\nstart a working area (see also: git help tutorial)\n   clone      Clone a repository into a new directory\n   init       Create an empty Git repository or reinitialize an existing one\n\nwork on the current change (see also: git help everyday)\n   add        Add file contents to the index\n   mv         Move or rename a file, a directory, or a symlink\n   restore    Restore working tree files\n   rm         Remove files from the working tree and from the index\n\nexamine the history and state (see also: git help revisions)\n   bisect     Use binary search to find the commit that introduced a bug\n   diff       Show changes between commits, commit and working tree, etc\n   grep       Print lines matching a pattern\n   log        Show commit logs\n   show       Show various types of objects\n   status     Show the working tree status\n\ngrow, mark and tweak your common history\n   backfill   Download missing objects in a partial clone\n   branch     List, create, or delete branches\n   commit     Record changes to the repository\n   merge      Join two or more development histories together\n   rebase     Reapply commits on top of another base tip\n   reset      Reset current HEAD to the specified state\n   switch     Switch branches\n   tag        Create, list, delete or verify a tag object signed with GPG\n\ncollaborate (see also: git help workflows)\n   fetch      Download objects and refs from another repository\n   pull       Fetch from and integrate with another repository or a local branch\n   push       Update remote refs along with associated objects\n\n'git help -a' and 'git help -g' list available subcommands and some\nconcept guides. See 'git help <command>' or 'git help <concept>'\nto read about a specific subcommand or concept.\nSee 'git help git' for an overview of the system.\n""
[0m12:48:08.188301 [debug] [MainThread]: STDERR: "b''"
[0m12:48:08.188301 [info ] [MainThread]:  - git [[32mOK found[0m]

[0m12:48:08.188301 [info ] [MainThread]: Connection:
[0m12:48:08.188301 [info ] [MainThread]:   method: service-account
[0m12:48:08.188301 [info ] [MainThread]:   database: olist-ecommerce
[0m12:48:08.188301 [info ] [MainThread]:   execution_project: olist-ecommerce
[0m12:48:08.188301 [info ] [MainThread]:   schema: olist-ecommerce-2025
[0m12:48:08.188301 [info ] [MainThread]:   location: EU
[0m12:48:08.188301 [info ] [MainThread]:   priority: interactive
[0m12:48:08.188301 [info ] [MainThread]:   maximum_bytes_billed: None
[0m12:48:08.188301 [info ] [MainThread]:   impersonate_service_account: None
[0m12:48:08.188301 [info ] [MainThread]:   job_retry_deadline_seconds: None
[0m12:48:08.188301 [info ] [MainThread]:   job_retries: 1
[0m12:48:08.188301 [info ] [MainThread]:   job_creation_timeout_seconds: None
[0m12:48:08.188301 [info ] [MainThread]:   job_execution_timeout_seconds: 600
[0m12:48:08.188301 [info ] [MainThread]:   timeout_seconds: 600
[0m12:48:08.188301 [info ] [MainThread]:   client_id: None
[0m12:48:08.188301 [info ] [MainThread]:   token_uri: None
[0m12:48:08.188301 [info ] [MainThread]:   compute_region: None
[0m12:48:08.188301 [info ] [MainThread]:   dataproc_cluster_name: None
[0m12:48:08.188301 [info ] [MainThread]:   gcs_bucket: None
[0m12:48:08.188301 [info ] [MainThread]:   dataproc_batch: None
[0m12:48:08.188301 [info ] [MainThread]: Registered adapter: bigquery=1.10.2
[0m12:48:08.457309 [debug] [MainThread]: Acquiring new bigquery connection 'debug'
[0m12:48:08.457309 [debug] [MainThread]: On debug: select 1 as id
[0m12:48:08.459315 [debug] [MainThread]: Opening a new connection, currently in state init
[0m12:48:09.823862 [error] [MainThread]: BigQuery adapter: https://console.cloud.google.com/bigquery?project=olist-ecommerce&j=bq:EU:6a5aa555-61fb-4bcd-a5c0-61d821624992&page=queryresults
[0m12:48:09.828715 [info ] [MainThread]:   Connection test: [[31mERROR[0m]

[0m12:48:09.830728 [info ] [MainThread]: [31m2 checks failed:[0m
[0m12:48:09.830728 [info ] [MainThread]: Project loading failed for the following reason:
 project path <D:\My_Projects\dbt_project_OLIST\dbt_project.yml> not found

[0m12:48:09.834587 [info ] [MainThread]: dbt was unable to connect to the specified database.
The database returned the following error:

  >Database Error
  Access Denied: Project olist-ecommerce: User does not have bigquery.jobs.create permission in project olist-ecommerce.

Check your database credentials and try again. For more information, visit:
https://docs.getdbt.com/docs/configure-your-profile


[0m12:48:09.835599 [debug] [MainThread]: Command `dbt debug` failed at 12:48:09.835599 after 4.19 seconds
[0m12:48:09.836787 [debug] [MainThread]: Connection 'debug' was properly closed.
[0m12:48:09.836787 [debug] [MainThread]: Sending event: {'category': 'dbt', 'action': 'invocation', 'label': 'end', 'context': [<snowplow_tracker.self_describing_json.SelfDescribingJson object at 0x000002803861B770>, <snowplow_tracker.self_describing_json.SelfDescribingJson object at 0x000002805DA35D60>, <snowplow_tracker.self_describing_json.SelfDescribingJson object at 0x000002805DB31670>]}
[0m12:48:09.837785 [debug] [MainThread]: Flushing usage events
[0m12:48:10.678404 [debug] [MainThread]: An error was encountered while trying to flush usage events
[0m12:49:53.934525 [debug] [MainThread]: Sending event: {'category': 'dbt', 'action': 'invocation', 'label': 'start', 'context': [<snowplow_tracker.self_describing_json.SelfDescribingJson object at 0x000002488D26C800>, <snowplow_tracker.self_describing_json.SelfDescribingJson object at 0x000002488C908DD0>, <snowplow_tracker.self_describing_json.SelfDescribingJson object at 0x000002488EF85DC0>]}


============================== 12:49:53.944527 | a8f382b4-8c34-48f5-937b-637f3caf6b8f ==============================
[0m12:49:53.944527 [info ] [MainThread]: Running with dbt=1.10.13
[0m12:49:53.944527 [debug] [MainThread]: running dbt with arguments {'log_format': 'default', 'cache_selected_only': 'False', 'invocation_command': 'dbt debug', 'target_path': 'None', 'profiles_dir': 'C:\\Users\\rezam\\.dbt', 'warn_error': 'None', 'log_path': 'logs', 'fail_fast': 'False', 'static_parser': 'True', 'send_anonymous_usage_stats': 'True', 'indirect_selection': 'eager', 'warn_error_options': 'WarnErrorOptionsV2(error=[], warn=[], silence=[])', 'partial_parse': 'True', 'version_check': 'True', 'use_experimental_parser': 'False', 'quiet': 'False', 'introspect': 'True', 'empty': 'None', 'log_cache_events': 'False', 'debug': 'False', 'no_print': 'None', 'use_colors': 'True', 'printer_width': '80', 'write_json': 'True'}
[0m12:49:53.958836 [info ] [MainThread]: dbt version: 1.10.13
[0m12:49:53.960478 [info ] [MainThread]: python version: 3.12.10
[0m12:49:53.961092 [info ] [MainThread]: python path: D:\My_Projects\dbt_project_OLIST\.venv\Scripts\python.exe
[0m12:49:53.961807 [info ] [MainThread]: os info: Windows-11-10.0.26100-SP0
[0m12:49:53.963833 [info ] [MainThread]: Error importing adapter: No module named 'dbt.adapters.databricks'
[0m12:49:53.963833 [info ] [MainThread]: Error importing adapter: No module named 'dbt.adapters.databricks'
[0m12:49:53.963833 [info ] [MainThread]: Error importing adapter: No module named 'dbt.adapters.databricks'
[0m12:49:56.081218 [info ] [MainThread]: Using profiles dir at C:\Users\rezam\.dbt
[0m12:49:56.083062 [info ] [MainThread]: Using profiles.yml file at C:\Users\rezam\.dbt\profiles.yml
[0m12:49:56.083062 [info ] [MainThread]: Using dbt_project.yml file at D:\My_Projects\dbt_project_OLIST\dbt_project.yml
[0m12:49:56.084162 [info ] [MainThread]: Configuration:
[0m12:49:56.084542 [info ] [MainThread]:   profiles.yml file [[31mERROR invalid[0m]
[0m12:49:56.084542 [info ] [MainThread]:   dbt_project.yml file [[31mERROR not found[0m]
[0m12:49:56.084542 [info ] [MainThread]: Required dependencies:
[0m12:49:56.084542 [debug] [MainThread]: Executing "git --help"
[0m12:49:56.113910 [debug] [MainThread]: STDOUT: "b"usage: git [-v | --version] [-h | --help] [-C <path>] [-c <name>=<value>]\n           [--exec-path[=<path>]] [--html-path] [--man-path] [--info-path]\n           [-p | --paginate | -P | --no-pager] [--no-replace-objects] [--no-lazy-fetch]\n           [--no-optional-locks] [--no-advice] [--bare] [--git-dir=<path>]\n           [--work-tree=<path>] [--namespace=<name>] [--config-env=<name>=<envvar>]\n           <command> [<args>]\n\nThese are common Git commands used in various situations:\n\nstart a working area (see also: git help tutorial)\n   clone      Clone a repository into a new directory\n   init       Create an empty Git repository or reinitialize an existing one\n\nwork on the current change (see also: git help everyday)\n   add        Add file contents to the index\n   mv         Move or rename a file, a directory, or a symlink\n   restore    Restore working tree files\n   rm         Remove files from the working tree and from the index\n\nexamine the history and state (see also: git help revisions)\n   bisect     Use binary search to find the commit that introduced a bug\n   diff       Show changes between commits, commit and working tree, etc\n   grep       Print lines matching a pattern\n   log        Show commit logs\n   show       Show various types of objects\n   status     Show the working tree status\n\ngrow, mark and tweak your common history\n   backfill   Download missing objects in a partial clone\n   branch     List, create, or delete branches\n   commit     Record changes to the repository\n   merge      Join two or more development histories together\n   rebase     Reapply commits on top of another base tip\n   reset      Reset current HEAD to the specified state\n   switch     Switch branches\n   tag        Create, list, delete or verify a tag object signed with GPG\n\ncollaborate (see also: git help workflows)\n   fetch      Download objects and refs from another repository\n   pull       Fetch from and integrate with another repository or a local branch\n   push       Update remote refs along with associated objects\n\n'git help -a' and 'git help -g' list available subcommands and some\nconcept guides. See 'git help <command>' or 'git help <concept>'\nto read about a specific subcommand or concept.\nSee 'git help git' for an overview of the system.\n""
[0m12:49:56.113910 [debug] [MainThread]: STDERR: "b''"
[0m12:49:56.113910 [info ] [MainThread]:  - git [[32mOK found[0m]

[0m12:49:56.113910 [info ] [MainThread]: Connection test skipped since no profile was found
[0m12:49:56.113910 [info ] [MainThread]: [31m2 checks failed:[0m
[0m12:49:56.113910 [info ] [MainThread]: Could not load dbt_project.yml
Profile loading failed for the following reason:
Runtime Error
  Credentials in profile "dbt_project", target "dev" invalid: Runtime Error
    Could not find adapter type databricks!

Runtime Error
  Credentials in profile "dbt_test", target "dev" invalid: Runtime Error
    Could not find adapter type databricks!

Runtime Error
  Credentials in profile "dbt_test_project", target "dev" invalid: Runtime Error
    Could not find adapter type databricks!


[0m12:49:56.113910 [info ] [MainThread]: Project loading failed for the following reason:
 project path <D:\My_Projects\dbt_project_OLIST\dbt_project.yml> not found

[0m12:49:56.113910 [debug] [MainThread]: Command `dbt debug` failed at 12:49:56.113910 after 2.38 seconds
[0m12:49:56.113910 [debug] [MainThread]: Sending event: {'category': 'dbt', 'action': 'invocation', 'label': 'end', 'context': [<snowplow_tracker.self_describing_json.SelfDescribingJson object at 0x000002488F4DFFE0>, <snowplow_tracker.self_describing_json.SelfDescribingJson object at 0x00000248B2CF1700>, <snowplow_tracker.self_describing_json.SelfDescribingJson object at 0x00000248B47035F0>]}
[0m12:49:56.113910 [debug] [MainThread]: Flushing usage events
[0m12:49:57.004671 [debug] [MainThread]: An error was encountered while trying to flush usage events
[0m12:51:43.363842 [debug] [MainThread]: Sending event: {'category': 'dbt', 'action': 'invocation', 'label': 'start', 'context': [<snowplow_tracker.self_describing_json.SelfDescribingJson object at 0x000001C9075FB200>, <snowplow_tracker.self_describing_json.SelfDescribingJson object at 0x000001C907A44FB0>, <snowplow_tracker.self_describing_json.SelfDescribingJson object at 0x000001C907A46180>]}


============================== 12:51:43.363842 | c34863ef-8ab0-4b3e-8a82-465cc6e7d398 ==============================
[0m12:51:43.363842 [info ] [MainThread]: Running with dbt=1.10.13
[0m12:51:43.363842 [debug] [MainThread]: running dbt with arguments {'printer_width': '80', 'use_colors': 'True', 'write_json': 'True', 'log_format': 'default', 'profiles_dir': 'C:\\Users\\rezam\\.dbt', 'warn_error': 'None', 'log_path': 'logs', 'partial_parse': 'True', 'indirect_selection': 'eager', 'send_anonymous_usage_stats': 'True', 'fail_fast': 'False', 'warn_error_options': 'WarnErrorOptionsV2(error=[], warn=[], silence=[])', 'static_parser': 'True', 'use_experimental_parser': 'False', 'version_check': 'True', 'introspect': 'True', 'quiet': 'False', 'empty': 'None', 'log_cache_events': 'False', 'debug': 'False', 'no_print': 'None', 'invocation_command': 'dbt debug', 'cache_selected_only': 'False', 'target_path': 'None'}
[0m12:51:43.375867 [info ] [MainThread]: dbt version: 1.10.13
[0m12:51:43.375867 [info ] [MainThread]: python version: 3.12.10
[0m12:51:43.375867 [info ] [MainThread]: python path: D:\My_Projects\dbt_project_OLIST\.venv\Scripts\python.exe
[0m12:51:43.387267 [info ] [MainThread]: os info: Windows-11-10.0.26100-SP0
[0m12:51:43.392068 [info ] [MainThread]: Error importing adapter: No module named 'dbt.adapters.databricks'
[0m12:51:43.394724 [info ] [MainThread]: Error importing adapter: No module named 'dbt.adapters.databricks'
[0m12:51:43.396394 [info ] [MainThread]: Error importing adapter: No module named 'dbt.adapters.databricks'
[0m12:51:45.542516 [info ] [MainThread]: Using profiles dir at C:\Users\rezam\.dbt
[0m12:51:45.542516 [info ] [MainThread]: Using profiles.yml file at C:\Users\rezam\.dbt\profiles.yml
[0m12:51:45.542516 [info ] [MainThread]: Using dbt_project.yml file at D:\My_Projects\dbt_project_OLIST\dbt_project.yml
[0m12:51:45.542516 [info ] [MainThread]: Configuration:
[0m12:51:45.542516 [info ] [MainThread]:   profiles.yml file [[31mERROR invalid[0m]
[0m12:51:45.542516 [info ] [MainThread]:   dbt_project.yml file [[31mERROR not found[0m]
[0m12:51:45.542516 [info ] [MainThread]: Required dependencies:
[0m12:51:45.542516 [debug] [MainThread]: Executing "git --help"
[0m12:51:45.573910 [debug] [MainThread]: STDOUT: "b"usage: git [-v | --version] [-h | --help] [-C <path>] [-c <name>=<value>]\n           [--exec-path[=<path>]] [--html-path] [--man-path] [--info-path]\n           [-p | --paginate | -P | --no-pager] [--no-replace-objects] [--no-lazy-fetch]\n           [--no-optional-locks] [--no-advice] [--bare] [--git-dir=<path>]\n           [--work-tree=<path>] [--namespace=<name>] [--config-env=<name>=<envvar>]\n           <command> [<args>]\n\nThese are common Git commands used in various situations:\n\nstart a working area (see also: git help tutorial)\n   clone      Clone a repository into a new directory\n   init       Create an empty Git repository or reinitialize an existing one\n\nwork on the current change (see also: git help everyday)\n   add        Add file contents to the index\n   mv         Move or rename a file, a directory, or a symlink\n   restore    Restore working tree files\n   rm         Remove files from the working tree and from the index\n\nexamine the history and state (see also: git help revisions)\n   bisect     Use binary search to find the commit that introduced a bug\n   diff       Show changes between commits, commit and working tree, etc\n   grep       Print lines matching a pattern\n   log        Show commit logs\n   show       Show various types of objects\n   status     Show the working tree status\n\ngrow, mark and tweak your common history\n   backfill   Download missing objects in a partial clone\n   branch     List, create, or delete branches\n   commit     Record changes to the repository\n   merge      Join two or more development histories together\n   rebase     Reapply commits on top of another base tip\n   reset      Reset current HEAD to the specified state\n   switch     Switch branches\n   tag        Create, list, delete or verify a tag object signed with GPG\n\ncollaborate (see also: git help workflows)\n   fetch      Download objects and refs from another repository\n   pull       Fetch from and integrate with another repository or a local branch\n   push       Update remote refs along with associated objects\n\n'git help -a' and 'git help -g' list available subcommands and some\nconcept guides. See 'git help <command>' or 'git help <concept>'\nto read about a specific subcommand or concept.\nSee 'git help git' for an overview of the system.\n""
[0m12:51:45.573910 [debug] [MainThread]: STDERR: "b''"
[0m12:51:45.573910 [info ] [MainThread]:  - git [[32mOK found[0m]

[0m12:51:45.575018 [info ] [MainThread]: Connection test skipped since no profile was found
[0m12:51:45.575910 [info ] [MainThread]: [31m2 checks failed:[0m
[0m12:51:45.575910 [info ] [MainThread]: Could not load dbt_project.yml
Profile loading failed for the following reason:
Runtime Error
  Credentials in profile "dbt_project", target "dev" invalid: Runtime Error
    Could not find adapter type databricks!

Runtime Error
  Credentials in profile "dbt_test", target "dev" invalid: Runtime Error
    Could not find adapter type databricks!

Runtime Error
  Credentials in profile "dbt_test_project", target "dev" invalid: Runtime Error
    Could not find adapter type databricks!


[0m12:51:45.575910 [info ] [MainThread]: Project loading failed for the following reason:
 project path <D:\My_Projects\dbt_project_OLIST\dbt_project.yml> not found

[0m12:51:45.575910 [debug] [MainThread]: Command `dbt debug` failed at 12:51:45.575910 after 2.42 seconds
[0m12:51:45.575910 [debug] [MainThread]: Sending event: {'category': 'dbt', 'action': 'invocation', 'label': 'end', 'context': [<snowplow_tracker.self_describing_json.SelfDescribingJson object at 0x000001C907FA3B60>, <snowplow_tracker.self_describing_json.SelfDescribingJson object at 0x000001C92D279940>, <snowplow_tracker.self_describing_json.SelfDescribingJson object at 0x000001C92D3F3F80>]}
[0m12:51:45.575910 [debug] [MainThread]: Flushing usage events
[0m12:51:46.405703 [debug] [MainThread]: An error was encountered while trying to flush usage events
[0m12:55:21.951715 [debug] [MainThread]: Sending event: {'category': 'dbt', 'action': 'invocation', 'label': 'start', 'context': [<snowplow_tracker.self_describing_json.SelfDescribingJson object at 0x0000026D63B29730>, <snowplow_tracker.self_describing_json.SelfDescribingJson object at 0x0000026D65757E60>, <snowplow_tracker.self_describing_json.SelfDescribingJson object at 0x0000026D65756BA0>]}


============================== 12:55:21.964759 | f2bc4e28-1550-4cec-bd96-1151dcfa9183 ==============================
[0m12:55:21.964759 [info ] [MainThread]: Running with dbt=1.10.13
[0m12:55:21.964759 [debug] [MainThread]: running dbt with arguments {'write_json': 'True', 'no_print': 'None', 'log_format': 'default', 'invocation_command': 'dbt debug', 'printer_width': '80', 'warn_error': 'None', 'static_parser': 'True', 'partial_parse': 'True', 'log_path': 'logs', 'send_anonymous_usage_stats': 'True', 'fail_fast': 'False', 'warn_error_options': 'WarnErrorOptionsV2(error=[], warn=[], silence=[])', 'indirect_selection': 'eager', 'use_experimental_parser': 'False', 'version_check': 'True', 'quiet': 'False', 'introspect': 'True', 'empty': 'None', 'log_cache_events': 'False', 'debug': 'False', 'profiles_dir': 'C:\\Users\\rezam\\.dbt', 'use_colors': 'True', 'cache_selected_only': 'False', 'target_path': 'None'}
[0m12:55:21.967788 [info ] [MainThread]: dbt version: 1.10.13
[0m12:55:21.967788 [info ] [MainThread]: python version: 3.12.10
[0m12:55:21.979660 [info ] [MainThread]: python path: D:\My_Projects\dbt_project_OLIST\.venv\Scripts\python.exe
[0m12:55:21.979660 [info ] [MainThread]: os info: Windows-11-10.0.26100-SP0
[0m12:55:21.984420 [info ] [MainThread]: Error importing adapter: No module named 'dbt.adapters.databricks'
[0m12:55:21.984420 [info ] [MainThread]: Error importing adapter: No module named 'dbt.adapters.databricks'
[0m12:55:21.988861 [info ] [MainThread]: Error importing adapter: No module named 'dbt.adapters.databricks'
[0m12:55:24.163642 [info ] [MainThread]: Using profiles dir at C:\Users\rezam\.dbt
[0m12:55:24.163642 [info ] [MainThread]: Using profiles.yml file at C:\Users\rezam\.dbt\profiles.yml
[0m12:55:24.163642 [info ] [MainThread]: Using dbt_project.yml file at D:\My_Projects\dbt_project_OLIST\dbt_project.yml
[0m12:55:24.163642 [info ] [MainThread]: Configuration:
[0m12:55:24.163642 [info ] [MainThread]:   profiles.yml file [[31mERROR invalid[0m]
[0m12:55:24.163642 [info ] [MainThread]:   dbt_project.yml file [[31mERROR not found[0m]
[0m12:55:24.163642 [info ] [MainThread]: Required dependencies:
[0m12:55:24.163642 [debug] [MainThread]: Executing "git --help"
[0m12:55:24.197800 [debug] [MainThread]: STDOUT: "b"usage: git [-v | --version] [-h | --help] [-C <path>] [-c <name>=<value>]\n           [--exec-path[=<path>]] [--html-path] [--man-path] [--info-path]\n           [-p | --paginate | -P | --no-pager] [--no-replace-objects] [--no-lazy-fetch]\n           [--no-optional-locks] [--no-advice] [--bare] [--git-dir=<path>]\n           [--work-tree=<path>] [--namespace=<name>] [--config-env=<name>=<envvar>]\n           <command> [<args>]\n\nThese are common Git commands used in various situations:\n\nstart a working area (see also: git help tutorial)\n   clone      Clone a repository into a new directory\n   init       Create an empty Git repository or reinitialize an existing one\n\nwork on the current change (see also: git help everyday)\n   add        Add file contents to the index\n   mv         Move or rename a file, a directory, or a symlink\n   restore    Restore working tree files\n   rm         Remove files from the working tree and from the index\n\nexamine the history and state (see also: git help revisions)\n   bisect     Use binary search to find the commit that introduced a bug\n   diff       Show changes between commits, commit and working tree, etc\n   grep       Print lines matching a pattern\n   log        Show commit logs\n   show       Show various types of objects\n   status     Show the working tree status\n\ngrow, mark and tweak your common history\n   backfill   Download missing objects in a partial clone\n   branch     List, create, or delete branches\n   commit     Record changes to the repository\n   merge      Join two or more development histories together\n   rebase     Reapply commits on top of another base tip\n   reset      Reset current HEAD to the specified state\n   switch     Switch branches\n   tag        Create, list, delete or verify a tag object signed with GPG\n\ncollaborate (see also: git help workflows)\n   fetch      Download objects and refs from another repository\n   pull       Fetch from and integrate with another repository or a local branch\n   push       Update remote refs along with associated objects\n\n'git help -a' and 'git help -g' list available subcommands and some\nconcept guides. See 'git help <command>' or 'git help <concept>'\nto read about a specific subcommand or concept.\nSee 'git help git' for an overview of the system.\n""
[0m12:55:24.197800 [debug] [MainThread]: STDERR: "b''"
[0m12:55:24.197800 [info ] [MainThread]:  - git [[32mOK found[0m]

[0m12:55:24.197800 [info ] [MainThread]: Connection test skipped since no profile was found
[0m12:55:24.197800 [info ] [MainThread]: [31m2 checks failed:[0m
[0m12:55:24.197800 [info ] [MainThread]: Could not load dbt_project.yml
Profile loading failed for the following reason:
Runtime Error
  Credentials in profile "dbt_project", target "dev" invalid: Runtime Error
    Could not find adapter type databricks!

Runtime Error
  Credentials in profile "dbt_test", target "dev" invalid: Runtime Error
    Could not find adapter type databricks!

Runtime Error
  Credentials in profile "dbt_test_project", target "dev" invalid: Runtime Error
    Could not find adapter type databricks!


[0m12:55:24.199927 [info ] [MainThread]: Project loading failed for the following reason:
 project path <D:\My_Projects\dbt_project_OLIST\dbt_project.yml> not found

[0m12:55:24.201125 [debug] [MainThread]: Command `dbt debug` failed at 12:55:24.201125 after 2.35 seconds
[0m12:55:24.201125 [debug] [MainThread]: Sending event: {'category': 'dbt', 'action': 'invocation', 'label': 'end', 'context': [<snowplow_tracker.self_describing_json.SelfDescribingJson object at 0x0000026D658BB770>, <snowplow_tracker.self_describing_json.SelfDescribingJson object at 0x0000026D0AB28F80>, <snowplow_tracker.self_describing_json.SelfDescribingJson object at 0x0000026D09A682C0>]}
[0m12:55:24.202135 [debug] [MainThread]: Flushing usage events
[0m12:55:25.060266 [debug] [MainThread]: An error was encountered while trying to flush usage events
[0m00:47:41.647621 [debug] [MainThread]: Sending event: {'category': 'dbt', 'action': 'invocation', 'label': 'start', 'context': [<snowplow_tracker.self_describing_json.SelfDescribingJson object at 0x00000216AA6DD8E0>, <snowplow_tracker.self_describing_json.SelfDescribingJson object at 0x00000216AA6DDE20>, <snowplow_tracker.self_describing_json.SelfDescribingJson object at 0x00000216AA6DDEB0>]}


============================== 00:47:41.647621 | ed3c0eb7-2ff9-4e53-8570-f0e28198bb7a ==============================
[0m00:47:41.647621 [info ] [MainThread]: Running with dbt=1.10.13
[0m00:47:41.647621 [debug] [MainThread]: running dbt with arguments {'profiles_dir': 'C:\\Users\\rezam\\.dbt', 'use_colors': 'True', 'no_print': 'None', 'write_json': 'True', 'cache_selected_only': 'False', 'warn_error': 'None', 'log_path': 'logs', 'partial_parse': 'True', 'fail_fast': 'False', 'send_anonymous_usage_stats': 'True', 'static_parser': 'True', 'warn_error_options': 'WarnErrorOptionsV2(error=[], warn=[], silence=[])', 'indirect_selection': 'eager', 'use_experimental_parser': 'False', 'version_check': 'True', 'introspect': 'True', 'quiet': 'False', 'empty': 'None', 'log_cache_events': 'False', 'debug': 'False', 'log_format': 'default', 'invocation_command': 'dbt clean', 'printer_width': '80', 'target_path': 'None'}
[0m00:47:41.647621 [error] [MainThread]: Encountered an error:
Runtime Error
  No dbt_project.yml found at expected path D:\My_Projects\dbt_project_OLIST\dbt_project.yml
  Verify that each entry within packages.yml (and their transitive dependencies) contains a file named dbt_project.yml
  
[0m00:47:41.647621 [debug] [MainThread]: Command `dbt clean` failed at 00:47:41.647621 after 0.27 seconds
[0m00:47:41.647621 [debug] [MainThread]: Sending event: {'category': 'dbt', 'action': 'invocation', 'label': 'end', 'context': [<snowplow_tracker.self_describing_json.SelfDescribingJson object at 0x00000216AA2220F0>, <snowplow_tracker.self_describing_json.SelfDescribingJson object at 0x00000216A463AF90>, <snowplow_tracker.self_describing_json.SelfDescribingJson object at 0x00000216AAD95FD0>]}
[0m00:47:41.647621 [debug] [MainThread]: Flushing usage events
[0m00:47:42.553922 [debug] [MainThread]: An error was encountered while trying to flush usage events
[0m18:23:17.126715 [debug] [MainThread]: Sending event: {'category': 'dbt', 'action': 'invocation', 'label': 'start', 'context': [<snowplow_tracker.self_describing_json.SelfDescribingJson object at 0x000001C30A38D7F0>, <snowplow_tracker.self_describing_json.SelfDescribingJson object at 0x000001C30DC28830>, <snowplow_tracker.self_describing_json.SelfDescribingJson object at 0x000001C30DC2BA40>]}


============================== 18:23:17.134430 | a08fd574-d215-47f3-a9eb-a3927f673f00 ==============================
[0m18:23:17.134430 [info ] [MainThread]: Running with dbt=1.10.13
[0m18:23:17.135973 [debug] [MainThread]: running dbt with arguments {'invocation_command': 'dbt clean', 'no_print': 'None', 'target_path': 'None', 'log_format': 'default', 'printer_width': '80', 'warn_error': 'None', 'indirect_selection': 'eager', 'fail_fast': 'False', 'log_path': 'logs', 'send_anonymous_usage_stats': 'True', 'partial_parse': 'True', 'warn_error_options': 'WarnErrorOptionsV2(error=[], warn=[], silence=[])', 'static_parser': 'True', 'version_check': 'True', 'use_experimental_parser': 'False', 'quiet': 'False', 'introspect': 'True', 'empty': 'None', 'log_cache_events': 'False', 'debug': 'False', 'profiles_dir': 'C:\\Users\\rezam\\.dbt', 'use_colors': 'True', 'cache_selected_only': 'False', 'write_json': 'True'}
[0m18:23:17.135973 [error] [MainThread]: Encountered an error:
Runtime Error
  No dbt_project.yml found at expected path D:\My_Projects\dbt_project_OLIST\dbt_project.yml
  Verify that each entry within packages.yml (and their transitive dependencies) contains a file named dbt_project.yml
  
[0m18:23:17.137241 [debug] [MainThread]: Command `dbt clean` failed at 18:23:17.137241 after 0.28 seconds
[0m18:23:17.137241 [debug] [MainThread]: Sending event: {'category': 'dbt', 'action': 'invocation', 'label': 'end', 'context': [<snowplow_tracker.self_describing_json.SelfDescribingJson object at 0x000001C30E213B00>, <snowplow_tracker.self_describing_json.SelfDescribingJson object at 0x000001C30D45E540>, <snowplow_tracker.self_describing_json.SelfDescribingJson object at 0x000001C30A38D7F0>]}
[0m18:23:17.137241 [debug] [MainThread]: Flushing usage events
[0m18:23:18.011872 [debug] [MainThread]: An error was encountered while trying to flush usage events
[0m18:33:27.172135 [debug] [MainThread]: Sending event: {'category': 'dbt', 'action': 'invocation', 'label': 'start', 'context': [<snowplow_tracker.self_describing_json.SelfDescribingJson object at 0x0000023644E77DD0>, <snowplow_tracker.self_describing_json.SelfDescribingJson object at 0x0000023644EE65D0>, <snowplow_tracker.self_describing_json.SelfDescribingJson object at 0x0000023644EE73B0>]}


============================== 18:33:27.178605 | ce050b43-d51a-4c7b-bd6e-e75f1b73397b ==============================
[0m18:33:27.178605 [info ] [MainThread]: Running with dbt=1.10.13
[0m18:33:27.178605 [debug] [MainThread]: running dbt with arguments {'printer_width': '80', 'no_print': 'None', 'invocation_command': 'dbt deps', 'target_path': 'None', 'profiles_dir': 'C:\\Users\\rezam\\.dbt', 'warn_error': 'None', 'static_parser': 'True', 'fail_fast': 'False', 'indirect_selection': 'eager', 'send_anonymous_usage_stats': 'True', 'partial_parse': 'True', 'warn_error_options': 'WarnErrorOptionsV2(error=[], warn=[], silence=[])', 'log_path': 'logs', 'version_check': 'True', 'use_experimental_parser': 'False', 'quiet': 'False', 'introspect': 'True', 'empty': 'None', 'log_cache_events': 'False', 'debug': 'False', 'log_format': 'default', 'use_colors': 'True', 'cache_selected_only': 'False', 'write_json': 'True'}
[0m18:33:27.178605 [error] [MainThread]: Encountered an error:
Runtime Error
  No dbt_project.yml found at expected path D:\My_Projects\dbt_project_OLIST\dbt_project.yml
  Verify that each entry within packages.yml (and their transitive dependencies) contains a file named dbt_project.yml
  
[0m18:33:27.178605 [debug] [MainThread]: Command `dbt deps` failed at 18:33:27.178605 after 0.12 seconds
[0m18:33:27.178605 [debug] [MainThread]: Sending event: {'category': 'dbt', 'action': 'invocation', 'label': 'end', 'context': [<snowplow_tracker.self_describing_json.SelfDescribingJson object at 0x0000023645503E00>, <snowplow_tracker.self_describing_json.SelfDescribingJson object at 0x00000236421E6FF0>, <snowplow_tracker.self_describing_json.SelfDescribingJson object at 0x0000023645562210>]}
[0m18:33:27.178605 [debug] [MainThread]: Flushing usage events
[0m18:33:28.213114 [debug] [MainThread]: An error was encountered while trying to flush usage events
